[ 2016-10-17T14:29:38+08:00 ] ::1 /cz/admin.php/Admin
INFO: [ app_init ] --START--
INFO: Run Behavior\BuildLiteBehavior [ RunTime:0.000000s ]
INFO: [ app_init ] --END-- [ RunTime:0.001000s ]
ERR: 无法加载模块:Admin

[ 2016-10-17T14:29:51+08:00 ] ::1 /cz/admin.php/Admin/Index/index
INFO: [ app_init ] --START--
INFO: Run Behavior\BuildLiteBehavior [ RunTime:0.000000s ]
INFO: [ app_init ] --END-- [ RunTime:0.000000s ]
ERR: 无法加载模块:Admin

[ 2016-10-17T14:30:09+08:00 ] ::1 /cz/admin.php/Admin/Index/index
INFO: [ app_init ] --START--
INFO: Run Behavior\BuildLiteBehavior [ RunTime:0.000000s ]
INFO: [ app_init ] --END-- [ RunTime:0.001000s ]
ERR: 无法加载模块:Admin

[ 2016-10-17T14:30:09+08:00 ] ::1 /cz/admin.php/Admin/Index/index
INFO: [ app_init ] --START--
INFO: Run Behavior\BuildLiteBehavior [ RunTime:0.000000s ]
INFO: [ app_init ] --END-- [ RunTime:0.000000s ]
ERR: 无法加载模块:Admin

[ 2016-10-17T14:30:14+08:00 ] ::1 /cz/admin.php/Admin/Index/index
INFO: [ app_init ] --START--
INFO: Run Behavior\BuildLiteBehavior [ RunTime:0.001000s ]
INFO: [ app_init ] --END-- [ RunTime:0.001000s ]
ERR: 无法加载模块:Admin

[ 2016-10-17T14:30:44+08:00 ] ::1 /cz/admin.php/Admin/Index/index
INFO: [ app_init ] --START--
INFO: Run Behavior\BuildLiteBehavior [ RunTime:0.000000s ]
INFO: [ app_init ] --END-- [ RunTime:0.001000s ]
ERR: 无法加载模块:Admin

[ 2016-10-17T14:30:44+08:00 ] ::1 /cz/admin.php/Admin/Index/index
INFO: [ app_init ] --START--
INFO: Run Behavior\BuildLiteBehavior [ RunTime:0.000000s ]
INFO: [ app_init ] --END-- [ RunTime:0.001000s ]
ERR: 无法加载模块:Admin

[ 2016-10-17T14:30:44+08:00 ] ::1 /cz/admin.php/Admin/Index/index
INFO: [ app_init ] --START--
INFO: Run Behavior\BuildLiteBehavior [ RunTime:0.000000s ]
INFO: [ app_init ] --END-- [ RunTime:0.001000s ]
ERR: 无法加载模块:Admin

[ 2016-10-17T14:30:45+08:00 ] ::1 /cz/admin.php/Admin/Index/index
INFO: [ app_init ] --START--
INFO: Run Behavior\BuildLiteBehavior [ RunTime:0.000000s ]
INFO: [ app_init ] --END-- [ RunTime:0.001000s ]
ERR: 无法加载模块:Admin

[ 2016-10-17T14:30:45+08:00 ] ::1 /cz/admin.php/Admin/Index/index
INFO: [ app_init ] --START--
INFO: Run Behavior\BuildLiteBehavior [ RunTime:0.000000s ]
INFO: [ app_init ] --END-- [ RunTime:0.001000s ]
ERR: 无法加载模块:Admin

[ 2016-10-17T14:30:48+08:00 ] ::1 /cz/admin.php/Public/css/admin.css
INFO: [ app_init ] --START--
INFO: Run Behavior\BuildLiteBehavior [ RunTime:0.000000s ]
INFO: [ app_init ] --END-- [ RunTime:0.000000s ]
ERR: 无法加载模块:Public

[ 2016-10-17T14:30:50+08:00 ] ::1 /cz/admin.php/Public/css/admin.css
INFO: [ app_init ] --START--
INFO: Run Behavior\BuildLiteBehavior [ RunTime:0.000000s ]
INFO: [ app_init ] --END-- [ RunTime:0.000000s ]
ERR: 无法加载模块:Public

[ 2016-10-17T14:30:50+08:00 ] ::1 /cz/admin.php/Public/css/admin.css
INFO: [ app_init ] --START--
INFO: Run Behavior\BuildLiteBehavior [ RunTime:0.000000s ]
INFO: [ app_init ] --END-- [ RunTime:0.001000s ]
ERR: 无法加载模块:Public

[ 2016-10-17T14:30:50+08:00 ] ::1 /cz/admin.php/Public/css/admin.css
INFO: [ app_init ] --START--
INFO: Run Behavior\BuildLiteBehavior [ RunTime:0.000000s ]
INFO: [ app_init ] --END-- [ RunTime:0.001000s ]
ERR: 无法加载模块:Public

[ 2016-10-17T14:30:51+08:00 ] ::1 /cz/admin.php/Public/css/admin.css
INFO: [ app_init ] --START--
INFO: Run Behavior\BuildLiteBehavior [ RunTime:0.000000s ]
INFO: [ app_init ] --END-- [ RunTime:0.001000s ]
ERR: 无法加载模块:Public

[ 2016-10-17T14:30:52+08:00 ] ::1 /cz/admin.php/Public/css/admin.css
INFO: [ app_init ] --START--
INFO: Run Behavior\BuildLiteBehavior [ RunTime:0.000000s ]
INFO: [ app_init ] --END-- [ RunTime:0.000000s ]
ERR: 无法加载模块:Public

[ 2016-10-17T14:32:14+08:00 ] ::1 /cz/admin.php/Public/css/admin.css
INFO: [ app_init ] --START--
INFO: Run Behavior\BuildLiteBehavior [ RunTime:0.000000s ]
INFO: [ app_init ] --END-- [ RunTime:0.001000s ]
ERR: 无法加载模块:Public

[ 2016-10-17T14:32:15+08:00 ] ::1 /cz/admin.php/Public/css/admin.css
INFO: [ app_init ] --START--
INFO: Run Behavior\BuildLiteBehavior [ RunTime:0.000000s ]
INFO: [ app_init ] --END-- [ RunTime:0.001000s ]
ERR: 无法加载模块:Public

[ 2016-10-17T14:32:15+08:00 ] ::1 /cz/admin.php/Public/css/admin.css
INFO: [ app_init ] --START--
INFO: Run Behavior\BuildLiteBehavior [ RunTime:0.000000s ]
INFO: [ app_init ] --END-- [ RunTime:0.000000s ]
ERR: 无法加载模块:Public

[ 2016-10-17T14:32:16+08:00 ] ::1 /cz/admin.php/Public/css/admin.css
INFO: [ app_init ] --START--
INFO: Run Behavior\BuildLiteBehavior [ RunTime:0.000000s ]
INFO: [ app_init ] --END-- [ RunTime:0.000000s ]
ERR: 无法加载模块:Public

[ 2016-10-17T14:32:16+08:00 ] ::1 /cz/admin.php/Public/css/admin.css
INFO: [ app_init ] --START--
INFO: Run Behavior\BuildLiteBehavior [ RunTime:0.000000s ]
INFO: [ app_init ] --END-- [ RunTime:0.000000s ]
ERR: 无法加载模块:Public

[ 2016-10-17T14:32:16+08:00 ] ::1 /cz/admin.php/Public/css/admin.css
INFO: [ app_init ] --START--
INFO: Run Behavior\BuildLiteBehavior [ RunTime:0.000000s ]
INFO: [ app_init ] --END-- [ RunTime:0.000000s ]
ERR: 无法加载模块:Public

[ 2016-10-17T14:32:16+08:00 ] ::1 /cz/admin.php/Public/css/admin.css
INFO: [ app_init ] --START--
INFO: Run Behavior\BuildLiteBehavior [ RunTime:0.000000s ]
INFO: [ app_init ] --END-- [ RunTime:0.001000s ]
ERR: 无法加载模块:Public

[ 2016-10-17T14:32:16+08:00 ] ::1 /cz/admin.php/Public/css/admin.css
INFO: [ app_init ] --START--
INFO: Run Behavior\BuildLiteBehavior [ RunTime:0.000000s ]
INFO: [ app_init ] --END-- [ RunTime:0.001000s ]
ERR: 无法加载模块:Public

[ 2016-10-17T14:32:16+08:00 ] ::1 /cz/admin.php/Public/css/admin.css
INFO: [ app_init ] --START--
INFO: Run Behavior\BuildLiteBehavior [ RunTime:0.000000s ]
INFO: [ app_init ] --END-- [ RunTime:0.001000s ]
ERR: 无法加载模块:Public

[ 2016-10-17T14:32:16+08:00 ] ::1 /cz/admin.php/Public/css/admin.css
INFO: [ app_init ] --START--
INFO: Run Behavior\BuildLiteBehavior [ RunTime:0.000000s ]
INFO: [ app_init ] --END-- [ RunTime:0.000000s ]
ERR: 无法加载模块:Public

[ 2016-10-17T14:32:17+08:00 ] ::1 /cz/admin.php/Public/css/admin.css
INFO: [ app_init ] --START--
INFO: Run Behavior\BuildLiteBehavior [ RunTime:0.000000s ]
INFO: [ app_init ] --END-- [ RunTime:0.001000s ]
ERR: 无法加载模块:Public

[ 2016-10-17T14:32:17+08:00 ] ::1 /cz/admin.php/Public/css/admin.css
INFO: [ app_init ] --START--
INFO: Run Behavior\BuildLiteBehavior [ RunTime:0.000000s ]
INFO: [ app_init ] --END-- [ RunTime:0.000000s ]
ERR: 无法加载模块:Public

[ 2016-10-17T14:32:17+08:00 ] ::1 /cz/admin.php/Public/css/admin.css
INFO: [ app_init ] --START--
INFO: Run Behavior\BuildLiteBehavior [ RunTime:0.000000s ]
INFO: [ app_init ] --END-- [ RunTime:0.000000s ]
ERR: 无法加载模块:Public

[ 2016-10-17T14:32:17+08:00 ] ::1 /cz/admin.php/Public/css/admin.css
INFO: [ app_init ] --START--
INFO: Run Behavior\BuildLiteBehavior [ RunTime:0.000000s ]
INFO: [ app_init ] --END-- [ RunTime:0.001000s ]
ERR: 无法加载模块:Public

[ 2016-10-17T14:32:17+08:00 ] ::1 /cz/admin.php/Public/css/admin.css
INFO: [ app_init ] --START--
INFO: Run Behavior\BuildLiteBehavior [ RunTime:0.000000s ]
INFO: [ app_init ] --END-- [ RunTime:0.000000s ]
ERR: 无法加载模块:Public

[ 2016-10-17T14:32:18+08:00 ] ::1 /cz/admin.php/Public/css/admin.css
INFO: [ app_init ] --START--
INFO: Run Behavior\BuildLiteBehavior [ RunTime:0.000000s ]
INFO: [ app_init ] --END-- [ RunTime:0.000000s ]
ERR: 无法加载模块:Public

[ 2016-10-17T14:32:35+08:00 ] ::1 /cz/admin.php/Public/css/admin.css
INFO: [ app_init ] --START--
INFO: Run Behavior\BuildLiteBehavior [ RunTime:0.001000s ]
INFO: [ app_init ] --END-- [ RunTime:0.001000s ]
ERR: 无法加载模块:Public

[ 2016-10-17T14:32:36+08:00 ] ::1 /cz/admin.php/Public/css/admin.css
INFO: [ app_init ] --START--
INFO: Run Behavior\BuildLiteBehavior [ RunTime:0.000000s ]
INFO: [ app_init ] --END-- [ RunTime:0.001000s ]
ERR: 无法加载模块:Public

[ 2016-10-17T14:32:36+08:00 ] ::1 /cz/admin.php/Public/css/admin.css
INFO: [ app_init ] --START--
INFO: Run Behavior\BuildLiteBehavior [ RunTime:0.000000s ]
INFO: [ app_init ] --END-- [ RunTime:0.000000s ]
ERR: 无法加载模块:Public

[ 2016-10-17T14:32:36+08:00 ] ::1 /cz/admin.php/Public/css/admin.css
INFO: [ app_init ] --START--
INFO: Run Behavior\BuildLiteBehavior [ RunTime:0.001000s ]
INFO: [ app_init ] --END-- [ RunTime:0.004000s ]
ERR: 无法加载模块:Public

[ 2016-10-17T14:34:28+08:00 ] ::1 /cz/admin.php/Public/css/admin.css
INFO: [ app_init ] --START--
INFO: Run Behavior\BuildLiteBehavior [ RunTime:0.000000s ]
INFO: [ app_init ] --END-- [ RunTime:0.001000s ]
ERR: 无法加载模块:Public

[ 2016-10-17T14:34:28+08:00 ] ::1 /cz/admin.php/Public/css/admin.css
INFO: [ app_init ] --START--
INFO: Run Behavior\BuildLiteBehavior [ RunTime:0.000000s ]
INFO: [ app_init ] --END-- [ RunTime:0.001000s ]
ERR: 无法加载模块:Public

[ 2016-10-17T14:34:28+08:00 ] ::1 /cz/admin.php/Public/css/admin.css
INFO: [ app_init ] --START--
INFO: Run Behavior\BuildLiteBehavior [ RunTime:0.000000s ]
INFO: [ app_init ] --END-- [ RunTime:0.001000s ]
ERR: 无法加载模块:Public

[ 2016-10-17T14:34:28+08:00 ] ::1 /cz/admin.php/Public/css/admin.css
INFO: [ app_init ] --START--
INFO: Run Behavior\BuildLiteBehavior [ RunTime:0.000000s ]
INFO: [ app_init ] --END-- [ RunTime:0.001000s ]
ERR: 无法加载模块:Public

[ 2016-10-17T14:40:23+08:00 ] ::1 /cz/admin.php/Public/css/admin.css
INFO: [ app_init ] --START--
INFO: Run Behavior\BuildLiteBehavior [ RunTime:0.000000s ]
INFO: [ app_init ] --END-- [ RunTime:0.001000s ]
ERR: 无法加载模块:Public

[ 2016-10-17T14:40:24+08:00 ] ::1 /cz/admin.php/Public/css/admin.css
INFO: [ app_init ] --START--
INFO: Run Behavior\BuildLiteBehavior [ RunTime:0.000000s ]
INFO: [ app_init ] --END-- [ RunTime:0.001000s ]
ERR: 无法加载模块:Public

[ 2016-10-17T14:40:25+08:00 ] ::1 /cz/admin.php/Public/css/admin.css
INFO: [ app_init ] --START--
INFO: Run Behavior\BuildLiteBehavior [ RunTime:0.000000s ]
INFO: [ app_init ] --END-- [ RunTime:0.000000s ]
ERR: 无法加载模块:Public

[ 2016-10-17T14:40:25+08:00 ] ::1 /cz/admin.php/Public/css/admin.css
INFO: [ app_init ] --START--
INFO: Run Behavior\BuildLiteBehavior [ RunTime:0.000000s ]
INFO: [ app_init ] --END-- [ RunTime:0.000000s ]
ERR: 无法加载模块:Public

[ 2016-10-17T14:40:25+08:00 ] ::1 /cz/admin.php/Public/css/admin.css
INFO: [ app_init ] --START--
INFO: Run Behavior\BuildLiteBehavior [ RunTime:0.001000s ]
INFO: [ app_init ] --END-- [ RunTime:0.001000s ]
ERR: 无法加载模块:Public

[ 2016-10-17T14:40:25+08:00 ] ::1 /cz/admin.php/Public/css/admin.css
INFO: [ app_init ] --START--
INFO: Run Behavior\BuildLiteBehavior [ RunTime:0.000000s ]
INFO: [ app_init ] --END-- [ RunTime:0.000000s ]
ERR: 无法加载模块:Public

[ 2016-10-17T14:40:26+08:00 ] ::1 /cz/admin.php/Public/css/admin.css
INFO: [ app_init ] --START--
INFO: Run Behavior\BuildLiteBehavior [ RunTime:0.000000s ]
INFO: [ app_init ] --END-- [ RunTime:0.001000s ]
ERR: 无法加载模块:Public

[ 2016-10-17T14:41:33+08:00 ] ::1 /cz/admin.php/Public/css/admin.css
INFO: [ app_init ] --START--
INFO: Run Behavior\BuildLiteBehavior [ RunTime:0.000000s ]
INFO: [ app_init ] --END-- [ RunTime:0.000000s ]
ERR: 无法加载模块:Public

[ 2016-10-17T14:50:18+08:00 ] 127.0.0.1 /cz/index.php/Index/header
INFO: [ app_init ] --START--
INFO: Run Behavior\BuildLiteBehavior [ RunTime:0.000000s ]
INFO: [ app_init ] --END-- [ RunTime:0.001000s ]
ERR: 无法加载模块:Index

[ 2016-10-17T14:50:18+08:00 ] 127.0.0.1 /cz/index.php/Index/header
INFO: [ app_init ] --START--
INFO: Run Behavior\BuildLiteBehavior [ RunTime:0.000000s ]
INFO: [ app_init ] --END-- [ RunTime:0.001000s ]
ERR: 无法加载模块:Index

[ 2016-10-17T14:50:18+08:00 ] 127.0.0.1 /cz/index.php/Index/header
INFO: [ app_init ] --START--
INFO: Run Behavior\BuildLiteBehavior [ RunTime:0.000000s ]
INFO: [ app_init ] --END-- [ RunTime:0.001000s ]
ERR: 无法加载模块:Index

[ 2016-10-17T14:50:29+08:00 ] 127.0.0.1 /cz/index.php/Index/header
INFO: [ app_init ] --START--
INFO: Run Behavior\BuildLiteBehavior [ RunTime:0.000000s ]
INFO: [ app_init ] --END-- [ RunTime:0.001000s ]
ERR: 无法加载模块:Index

[ 2016-10-17T14:50:29+08:00 ] 127.0.0.1 /cz/index.php/Index/header
INFO: [ app_init ] --START--
INFO: Run Behavior\BuildLiteBehavior [ RunTime:0.000000s ]
INFO: [ app_init ] --END-- [ RunTime:0.001000s ]
ERR: 无法加载模块:Index

[ 2016-10-17T14:50:29+08:00 ] 127.0.0.1 /cz/index.php/Index/header
INFO: [ app_init ] --START--
INFO: Run Behavior\BuildLiteBehavior [ RunTime:0.000000s ]
INFO: [ app_init ] --END-- [ RunTime:0.000000s ]
ERR: 无法加载模块:Index

[ 2016-10-17T14:50:56+08:00 ] 127.0.0.1 /cz/index.php/Index/header
INFO: [ app_init ] --START--
INFO: Run Behavior\BuildLiteBehavior [ RunTime:0.000000s ]
INFO: [ app_init ] --END-- [ RunTime:0.000000s ]
ERR: 无法加载模块:Index

[ 2016-10-17T15:16:53+08:00 ] 127.0.0.1 /cz/Publicimages/menu_bt.jpg
INFO: [ app_init ] --START--
INFO: Run Behavior\BuildLiteBehavior [ RunTime:0.000000s ]
INFO: [ app_init ] --END-- [ RunTime:0.001000s ]
ERR: 无法加载模块:Publicimages

[ 2016-10-17T15:17:53+08:00 ] 127.0.0.1 /cz/Publicimages/menu_bt.jpg
INFO: [ app_init ] --START--
INFO: Run Behavior\BuildLiteBehavior [ RunTime:0.001000s ]
INFO: [ app_init ] --END-- [ RunTime:0.001000s ]
ERR: 无法加载模块:Publicimages

[ 2016-10-17T15:17:54+08:00 ] 127.0.0.1 /cz/Publicimages/menu_bt.jpg
INFO: [ app_init ] --START--
INFO: Run Behavior\BuildLiteBehavior [ RunTime:0.000000s ]
INFO: [ app_init ] --END-- [ RunTime:0.001000s ]
ERR: 无法加载模块:Publicimages

[ 2016-10-17T15:17:54+08:00 ] 127.0.0.1 /cz/Publicimages/menu_bt.jpg
INFO: [ app_init ] --START--
INFO: Run Behavior\BuildLiteBehavior [ RunTime:0.000000s ]
INFO: [ app_init ] --END-- [ RunTime:0.001000s ]
ERR: 无法加载模块:Publicimages

[ 2016-10-17T15:17:55+08:00 ] 127.0.0.1 /cz/Publicimages/menu_bt.jpg
INFO: [ app_init ] --START--
INFO: Run Behavior\BuildLiteBehavior [ RunTime:0.000000s ]
INFO: [ app_init ] --END-- [ RunTime:0.001000s ]
ERR: 无法加载模块:Publicimages

[ 2016-10-17T15:19:04+08:00 ] 127.0.0.1 /cz/Publicimages/menu_bt.jpg
INFO: [ app_init ] --START--
INFO: Run Behavior\BuildLiteBehavior [ RunTime:0.000000s ]
INFO: [ app_init ] --END-- [ RunTime:0.003000s ]
ERR: 无法加载模块:Publicimages

[ 2016-10-17T15:19:05+08:00 ] 127.0.0.1 /cz/Publicimages/menu_bt.jpg
INFO: [ app_init ] --START--
INFO: Run Behavior\BuildLiteBehavior [ RunTime:0.000000s ]
INFO: [ app_init ] --END-- [ RunTime:0.001000s ]
ERR: 无法加载模块:Publicimages

[ 2016-10-17T15:19:34+08:00 ] 127.0.0.1 /cz/Publicimages/menu_bt.jpg
INFO: [ app_init ] --START--
INFO: Run Behavior\BuildLiteBehavior [ RunTime:0.000000s ]
INFO: [ app_init ] --END-- [ RunTime:0.000000s ]
ERR: 无法加载模块:Publicimages

[ 2016-10-17T15:20:24+08:00 ] 127.0.0.1 /cz/Publicimages/menu_bt.jpg
INFO: [ app_init ] --START--
INFO: Run Behavior\BuildLiteBehavior [ RunTime:0.000000s ]
INFO: [ app_init ] --END-- [ RunTime:0.000000s ]
ERR: 无法加载模块:Publicimages

[ 2016-10-17T15:20:25+08:00 ] 127.0.0.1 /cz/Publicimages/menu_bt.jpg
INFO: [ app_init ] --START--
INFO: Run Behavior\BuildLiteBehavior [ RunTime:0.000000s ]
INFO: [ app_init ] --END-- [ RunTime:0.001000s ]
ERR: 无法加载模块:Publicimages

[ 2016-10-17T15:20:25+08:00 ] 127.0.0.1 /cz/Publicimages/menu_bt.jpg
INFO: [ app_init ] --START--
INFO: Run Behavior\BuildLiteBehavior [ RunTime:0.000000s ]
INFO: [ app_init ] --END-- [ RunTime:0.000000s ]
ERR: 无法加载模块:Publicimages

[ 2016-10-17T15:20:25+08:00 ] 127.0.0.1 /cz/Publicimages/menu_bt.jpg
INFO: [ app_init ] --START--
INFO: Run Behavior\BuildLiteBehavior [ RunTime:0.000000s ]
INFO: [ app_init ] --END-- [ RunTime:0.001000s ]
ERR: 无法加载模块:Publicimages

[ 2016-10-17T15:20:26+08:00 ] 127.0.0.1 /cz/Publicimages/menu_bt.jpg
INFO: [ app_init ] --START--
INFO: Run Behavior\BuildLiteBehavior [ RunTime:0.000000s ]
INFO: [ app_init ] --END-- [ RunTime:0.002000s ]
ERR: 无法加载模块:Publicimages

[ 2016-10-17T15:20:37+08:00 ] 127.0.0.1 /cz/Publicimages/menu_bt.jpg
INFO: [ app_init ] --START--
INFO: Run Behavior\BuildLiteBehavior [ RunTime:0.000000s ]
INFO: [ app_init ] --END-- [ RunTime:0.000000s ]
ERR: 无法加载模块:Publicimages

[ 2016-10-17T15:51:27+08:00 ] 127.0.0.1 /cz/Public/images/%E7%B3%BB%E7%BB%9F%E6%80%BB%E5%90%8E%E5%8F%B0%EF%BC%88%E5%85%85%E5%80%BC%E8%AE%A2%E5%8D%95%EF%BC%89/u1095.png
INFO: [ app_init ] --START--
INFO: Run Behavior\BuildLiteBehavior [ RunTime:0.000000s ]
INFO: [ app_init ] --END-- [ RunTime:0.001000s ]
ERR: 无法加载模块:Public

[ 2016-10-17T15:51:27+08:00 ] 127.0.0.1 /cz/Public/images/%E7%B3%BB%E7%BB%9F%E6%80%BB%E5%90%8E%E5%8F%B0%EF%BC%88%E5%85%85%E5%80%BC%E8%AE%A2%E5%8D%95%EF%BC%89/u1107.png
INFO: [ app_init ] --START--
INFO: Run Behavior\BuildLiteBehavior [ RunTime:0.000000s ]
INFO: [ app_init ] --END-- [ RunTime:0.000000s ]
ERR: 无法加载模块:Public

[ 2016-10-17T15:51:27+08:00 ] 127.0.0.1 /cz/Public/images/%E6%88%91%E7%9A%84%E8%B4%A6%E6%88%B7_1/u657.png
INFO: [ app_init ] --START--
INFO: Run Behavior\BuildLiteBehavior [ RunTime:0.000000s ]
INFO: [ app_init ] --END-- [ RunTime:0.001000s ]
ERR: 无法加载模块:Public

[ 2016-10-17T15:51:27+08:00 ] 127.0.0.1 /cz/Public/images/%E7%B3%BB%E7%BB%9F%E6%80%BB%E5%90%8E%E5%8F%B0%EF%BC%88%E5%85%85%E5%80%BC%E8%AE%A2%E5%8D%95%EF%BC%89/u1155.png
INFO: [ app_init ] --START--
INFO: Run Behavior\BuildLiteBehavior [ RunTime:0.000000s ]
INFO: [ app_init ] --END-- [ RunTime:0.000000s ]
ERR: 无法加载模块:Public

[ 2016-10-17T15:51:27+08:00 ] 127.0.0.1 /cz/Public/images/%E7%B3%BB%E7%BB%9F%E6%80%BB%E5%90%8E%E5%8F%B0%EF%BC%88%E5%85%85%E5%80%BC%E8%AE%A2%E5%8D%95%EF%BC%89/u1109.png
INFO: [ app_init ] --START--
INFO: Run Behavior\BuildLiteBehavior [ RunTime:0.000000s ]
INFO: [ app_init ] --END-- [ RunTime:0.001000s ]
ERR: 无法加载模块:Public

[ 2016-10-17T15:51:27+08:00 ] 127.0.0.1 /cz/Public/images/%E7%B3%BB%E7%BB%9F%E6%80%BB%E5%90%8E%E5%8F%B0%EF%BC%88%E5%85%85%E5%80%BC%E8%AE%A2%E5%8D%95%EF%BC%89/u1153.png
INFO: [ app_init ] --START--
INFO: Run Behavior\BuildLiteBehavior [ RunTime:0.000000s ]
INFO: [ app_init ] --END-- [ RunTime:0.000000s ]
ERR: 无法加载模块:Public

[ 2016-10-17T15:51:27+08:00 ] 127.0.0.1 /cz/Public/images/%E7%B3%BB%E7%BB%9F%E6%80%BB%E5%90%8E%E5%8F%B0%EF%BC%88%E5%85%85%E5%80%BC%E8%AE%A2%E5%8D%95%EF%BC%89/u1346.png
INFO: [ app_init ] --START--
INFO: Run Behavior\BuildLiteBehavior [ RunTime:0.000000s ]
INFO: [ app_init ] --END-- [ RunTime:0.000000s ]
ERR: 无法加载模块:Public

[ 2016-10-17T15:51:27+08:00 ] 127.0.0.1 /cz/Public/images/%E7%B3%BB%E7%BB%9F%E6%80%BB%E5%90%8E%E5%8F%B0%EF%BC%88%E5%85%85%E5%80%BC%E8%AE%A2%E5%8D%95%EF%BC%89/u1348.png
INFO: [ app_init ] --START--
INFO: Run Behavior\BuildLiteBehavior [ RunTime:0.000000s ]
INFO: [ app_init ] --END-- [ RunTime:0.001000s ]
ERR: 无法加载模块:Public

[ 2016-10-17T15:51:27+08:00 ] 127.0.0.1 /cz/Public/images/%E7%B3%BB%E7%BB%9F%E6%80%BB%E5%90%8E%E5%8F%B0%EF%BC%88%E5%85%85%E5%80%BC%E8%AE%A2%E5%8D%95%EF%BC%89/u1344.png
INFO: [ app_init ] --START--
INFO: Run Behavior\BuildLiteBehavior [ RunTime:0.000000s ]
INFO: [ app_init ] --END-- [ RunTime:0.006000s ]
ERR: 无法加载模块:Public

[ 2016-10-17T15:51:27+08:00 ] 127.0.0.1 /cz/Public/images/%E4%BB%A3%E7%90%86%E5%95%86%E5%85%85%E5%80%BCpc%E7%AB%AF%EF%BC%88%E7%99%BB%E5%BD%95%E9%A1%B5%EF%BC%89/u360.png
INFO: [ app_init ] --START--
INFO: Run Behavior\BuildLiteBehavior [ RunTime:0.000000s ]
INFO: [ app_init ] --END-- [ RunTime:0.006000s ]
ERR: 无法加载模块:Public

[ 2016-10-17T15:51:27+08:00 ] 127.0.0.1 /cz/Public/images/%E4%BD%A3%E9%87%91%E8%AF%A6%E6%83%85/u721.png
INFO: [ app_init ] --START--
INFO: Run Behavior\BuildLiteBehavior [ RunTime:0.000000s ]
INFO: [ app_init ] --END-- [ RunTime:0.007000s ]
ERR: 无法加载模块:Public

[ 2016-10-17T15:51:27+08:00 ] 127.0.0.1 /cz/Public/images/%E7%B3%BB%E7%BB%9F%E6%80%BB%E5%90%8E%E5%8F%B0%EF%BC%88%E5%85%85%E5%80%BC%E8%AE%A2%E5%8D%95%EF%BC%89/u1438.png
INFO: [ app_init ] --START--
INFO: Run Behavior\BuildLiteBehavior [ RunTime:0.000000s ]
INFO: [ app_init ] --END-- [ RunTime:0.001000s ]
ERR: 无法加载模块:Public

[ 2016-10-17T15:51:27+08:00 ] 127.0.0.1 /cz/Public/images/%E4%BD%A3%E9%87%91%E8%AF%A6%E6%83%85/u726.png
INFO: [ app_init ] --START--
INFO: Run Behavior\BuildLiteBehavior [ RunTime:0.000000s ]
INFO: [ app_init ] --END-- [ RunTime:0.000000s ]
ERR: 无法加载模块:Public

[ 2016-10-17T15:51:27+08:00 ] 127.0.0.1 /cz/Public/images/%E7%B3%BB%E7%BB%9F%E6%80%BB%E5%90%8E%E5%8F%B0%EF%BC%88%E5%85%85%E5%80%BC%E8%AE%A2%E5%8D%95%EF%BC%89/u1452.png
INFO: [ app_init ] --START--
INFO: Run Behavior\BuildLiteBehavior [ RunTime:0.000000s ]
INFO: [ app_init ] --END-- [ RunTime:0.000000s ]
ERR: 无法加载模块:Public

[ 2016-10-17T15:51:27+08:00 ] 127.0.0.1 /cz/Public/images/%E7%B3%BB%E7%BB%9F%E6%80%BB%E5%90%8E%E5%8F%B0%EF%BC%88%E5%85%85%E5%80%BC%E8%AE%A2%E5%8D%95%EF%BC%89/u1477.png
INFO: [ app_init ] --START--
INFO: Run Behavior\BuildLiteBehavior [ RunTime:0.000000s ]
INFO: [ app_init ] --END-- [ RunTime:0.001000s ]
ERR: 无法加载模块:Public

[ 2016-10-17T15:51:27+08:00 ] 127.0.0.1 /cz/Public/images/%E7%B3%BB%E7%BB%9F%E6%80%BB%E5%90%8E%E5%8F%B0%EF%BC%88%E5%85%85%E5%80%BC%E8%AE%A2%E5%8D%95%EF%BC%89/u1458.png
INFO: [ app_init ] --START--
INFO: Run Behavior\BuildLiteBehavior [ RunTime:0.000000s ]
INFO: [ app_init ] --END-- [ RunTime:0.001000s ]
ERR: 无法加载模块:Public

[ 2016-10-17T15:51:27+08:00 ] 127.0.0.1 /cz/Public/images/%E7%B3%BB%E7%BB%9F%E6%80%BB%E5%90%8E%E5%8F%B0%EF%BC%88%E5%85%85%E5%80%BC%E8%AE%A2%E5%8D%95%EF%BC%89/u1462.png
INFO: [ app_init ] --START--
INFO: Run Behavior\BuildLiteBehavior [ RunTime:0.000000s ]
INFO: [ app_init ] --END-- [ RunTime:0.001000s ]
ERR: 无法加载模块:Public

[ 2016-10-17T15:51:27+08:00 ] 127.0.0.1 /cz/Public/images/%E7%B3%BB%E7%BB%9F%E6%80%BB%E5%90%8E%E5%8F%B0%EF%BC%88%E5%85%85%E5%80%BC%E8%AE%A2%E5%8D%95%EF%BC%89/u1503.png
INFO: [ app_init ] --START--
INFO: Run Behavior\BuildLiteBehavior [ RunTime:0.000000s ]
INFO: [ app_init ] --END-- [ RunTime:0.000000s ]
ERR: 无法加载模块:Public

[ 2016-10-17T15:51:27+08:00 ] 127.0.0.1 /cz/Public/images/%E7%B3%BB%E7%BB%9F%E6%80%BB%E5%90%8E%E5%8F%B0%EF%BC%88%E5%85%85%E5%80%BC%E8%AE%A2%E5%8D%95%EF%BC%89/u1560.png
INFO: [ app_init ] --START--
INFO: Run Behavior\BuildLiteBehavior [ RunTime:0.000000s ]
INFO: [ app_init ] --END-- [ RunTime:0.000000s ]
ERR: 无法加载模块:Public

[ 2016-10-17T15:51:27+08:00 ] 127.0.0.1 /cz/Public/images/%E7%B3%BB%E7%BB%9F%E6%80%BB%E5%90%8E%E5%8F%B0%EF%BC%88%E5%85%85%E5%80%BC%E8%AE%A2%E5%8D%95%EF%BC%89/u1479.png
INFO: [ app_init ] --START--
INFO: Run Behavior\BuildLiteBehavior [ RunTime:0.000000s ]
INFO: [ app_init ] --END-- [ RunTime:0.000000s ]
ERR: 无法加载模块:Public

[ 2016-10-17T15:51:27+08:00 ] 127.0.0.1 /cz/Public/images/%E7%B3%BB%E7%BB%9F%E6%80%BB%E5%90%8E%E5%8F%B0%EF%BC%88%E5%85%85%E5%80%BC%E8%AE%A2%E5%8D%95%EF%BC%89/u1562.png
INFO: [ app_init ] --START--
INFO: Run Behavior\BuildLiteBehavior [ RunTime:0.000000s ]
INFO: [ app_init ] --END-- [ RunTime:0.001000s ]
ERR: 无法加载模块:Public

[ 2016-10-17T15:51:27+08:00 ] 127.0.0.1 /cz/Public/images/%E7%B3%BB%E7%BB%9F%E6%80%BB%E5%90%8E%E5%8F%B0%EF%BC%88%E5%85%85%E5%80%BC%E8%AE%A2%E5%8D%95%EF%BC%89/u1558.png
INFO: [ app_init ] --START--
INFO: Run Behavior\BuildLiteBehavior [ RunTime:0.000000s ]
INFO: [ app_init ] --END-- [ RunTime:0.000000s ]
ERR: 无法加载模块:Public

[ 2016-10-17T15:51:27+08:00 ] 127.0.0.1 /cz/Public/images/%E7%B3%BB%E7%BB%9F%E6%80%BB%E5%90%8E%E5%8F%B0%EF%BC%88%E5%85%85%E5%80%BC%E8%AE%A2%E5%8D%95%EF%BC%89/u1556.png
INFO: [ app_init ] --START--
INFO: Run Behavior\BuildLiteBehavior [ RunTime:0.000000s ]
INFO: [ app_init ] --END-- [ RunTime:0.000000s ]
ERR: 无法加载模块:Public

[ 2016-10-17T15:51:27+08:00 ] 127.0.0.1 /cz/Public/images/%E7%B3%BB%E7%BB%9F%E6%80%BB%E5%90%8E%E5%8F%B0%EF%BC%88%E5%85%85%E5%80%BC%E8%AE%A2%E5%8D%95%EF%BC%89/u1155.png
INFO: [ app_init ] --START--
INFO: Run Behavior\BuildLiteBehavior [ RunTime:0.000000s ]
INFO: [ app_init ] --END-- [ RunTime:0.001000s ]
ERR: 无法加载模块:Public

[ 2016-10-17T15:51:27+08:00 ] 127.0.0.1 /cz/Public/images/%E7%B3%BB%E7%BB%9F%E6%80%BB%E5%90%8E%E5%8F%B0%EF%BC%88%E5%85%85%E5%80%BC%E8%AE%A2%E5%8D%95%EF%BC%89/u1153.png
INFO: [ app_init ] --START--
INFO: Run Behavior\BuildLiteBehavior [ RunTime:0.000000s ]
INFO: [ app_init ] --END-- [ RunTime:0.001000s ]
ERR: 无法加载模块:Public

[ 2016-10-17T15:51:27+08:00 ] 127.0.0.1 /cz/Public/images/%E7%B3%BB%E7%BB%9F%E6%80%BB%E5%90%8E%E5%8F%B0%EF%BC%88%E5%85%85%E5%80%BC%E8%AE%A2%E5%8D%95%EF%BC%89/u1107.png
INFO: [ app_init ] --START--
INFO: Run Behavior\BuildLiteBehavior [ RunTime:0.000000s ]
INFO: [ app_init ] --END-- [ RunTime:0.002000s ]
ERR: 无法加载模块:Public

[ 2016-10-17T15:51:27+08:00 ] 127.0.0.1 /cz/Public/images/%E7%B3%BB%E7%BB%9F%E6%80%BB%E5%90%8E%E5%8F%B0%EF%BC%88%E5%85%85%E5%80%BC%E8%AE%A2%E5%8D%95%EF%BC%89/u1109.png
INFO: [ app_init ] --START--
INFO: Run Behavior\BuildLiteBehavior [ RunTime:0.000000s ]
INFO: [ app_init ] --END-- [ RunTime:0.001000s ]
ERR: 无法加载模块:Public

[ 2016-10-17T15:51:27+08:00 ] 127.0.0.1 /cz/Public/images/%E7%B3%BB%E7%BB%9F%E6%80%BB%E5%90%8E%E5%8F%B0%EF%BC%88%E5%85%85%E5%80%BC%E8%AE%A2%E5%8D%95%EF%BC%89/u1095.png
INFO: [ app_init ] --START--
INFO: Run Behavior\BuildLiteBehavior [ RunTime:0.000000s ]
INFO: [ app_init ] --END-- [ RunTime:0.001000s ]
ERR: 无法加载模块:Public

[ 2016-10-17T15:51:27+08:00 ] 127.0.0.1 /cz/Public/images/%E7%B3%BB%E7%BB%9F%E6%80%BB%E5%90%8E%E5%8F%B0%EF%BC%88%E5%85%85%E5%80%BC%E8%AE%A2%E5%8D%95%EF%BC%89/u1344.png
INFO: [ app_init ] --START--
INFO: Run Behavior\BuildLiteBehavior [ RunTime:0.000000s ]
INFO: [ app_init ] --END-- [ RunTime:0.000000s ]
ERR: 无法加载模块:Public

[ 2016-10-17T15:51:27+08:00 ] 127.0.0.1 /cz/Public/images/%E6%88%91%E7%9A%84%E8%B4%A6%E6%88%B7_1/u657.png
INFO: [ app_init ] --START--
INFO: Run Behavior\BuildLiteBehavior [ RunTime:0.000000s ]
INFO: [ app_init ] --END-- [ RunTime:0.001000s ]
ERR: 无法加载模块:Public

[ 2016-10-17T15:51:27+08:00 ] 127.0.0.1 /cz/Public/images/%E7%B3%BB%E7%BB%9F%E6%80%BB%E5%90%8E%E5%8F%B0%EF%BC%88%E5%85%85%E5%80%BC%E8%AE%A2%E5%8D%95%EF%BC%89/u1348.png
INFO: [ app_init ] --START--
INFO: Run Behavior\BuildLiteBehavior [ RunTime:0.000000s ]
INFO: [ app_init ] --END-- [ RunTime:0.001000s ]
ERR: 无法加载模块:Public

[ 2016-10-17T15:51:27+08:00 ] 127.0.0.1 /cz/Public/images/%E4%BD%A3%E9%87%91%E8%AF%A6%E6%83%85/u721.png
INFO: [ app_init ] --START--
INFO: Run Behavior\BuildLiteBehavior [ RunTime:0.000000s ]
INFO: [ app_init ] --END-- [ RunTime:0.001000s ]
ERR: 无法加载模块:Public

[ 2016-10-17T15:51:27+08:00 ] 127.0.0.1 /cz/Public/images/%E4%BB%A3%E7%90%86%E5%95%86%E5%85%85%E5%80%BCpc%E7%AB%AF%EF%BC%88%E7%99%BB%E5%BD%95%E9%A1%B5%EF%BC%89/u360.png
INFO: [ app_init ] --START--
INFO: Run Behavior\BuildLiteBehavior [ RunTime:0.000000s ]
INFO: [ app_init ] --END-- [ RunTime:0.001000s ]
ERR: 无法加载模块:Public

[ 2016-10-17T15:51:27+08:00 ] 127.0.0.1 /cz/Public/images/%E7%B3%BB%E7%BB%9F%E6%80%BB%E5%90%8E%E5%8F%B0%EF%BC%88%E5%85%85%E5%80%BC%E8%AE%A2%E5%8D%95%EF%BC%89/u1346.png
INFO: [ app_init ] --START--
INFO: Run Behavior\BuildLiteBehavior [ RunTime:0.000000s ]
INFO: [ app_init ] --END-- [ RunTime:0.000000s ]
ERR: 无法加载模块:Public

[ 2016-10-17T15:51:28+08:00 ] 127.0.0.1 /cz/Public/images/%E7%B3%BB%E7%BB%9F%E6%80%BB%E5%90%8E%E5%8F%B0%EF%BC%88%E5%85%85%E5%80%BC%E8%AE%A2%E5%8D%95%EF%BC%89/u1438.png
INFO: [ app_init ] --START--
INFO: Run Behavior\BuildLiteBehavior [ RunTime:0.000000s ]
INFO: [ app_init ] --END-- [ RunTime:0.000000s ]
ERR: 无法加载模块:Public

[ 2016-10-17T15:51:28+08:00 ] 127.0.0.1 /cz/Public/images/%E7%B3%BB%E7%BB%9F%E6%80%BB%E5%90%8E%E5%8F%B0%EF%BC%88%E5%85%85%E5%80%BC%E8%AE%A2%E5%8D%95%EF%BC%89/u1458.png
INFO: [ app_init ] --START--
INFO: Run Behavior\BuildLiteBehavior [ RunTime:0.000000s ]
INFO: [ app_init ] --END-- [ RunTime:0.002000s ]
ERR: 无法加载模块:Public

[ 2016-10-17T15:51:28+08:00 ] 127.0.0.1 /cz/Public/images/%E7%B3%BB%E7%BB%9F%E6%80%BB%E5%90%8E%E5%8F%B0%EF%BC%88%E5%85%85%E5%80%BC%E8%AE%A2%E5%8D%95%EF%BC%89/u1562.png
INFO: [ app_init ] --START--
INFO: Run Behavior\BuildLiteBehavior [ RunTime:0.000000s ]
INFO: [ app_init ] --END-- [ RunTime:0.002000s ]
ERR: 无法加载模块:Public

[ 2016-10-17T15:51:28+08:00 ] 127.0.0.1 /cz/Public/images/%E7%B3%BB%E7%BB%9F%E6%80%BB%E5%90%8E%E5%8F%B0%EF%BC%88%E5%85%85%E5%80%BC%E8%AE%A2%E5%8D%95%EF%BC%89/u1560.png
INFO: [ app_init ] --START--
INFO: Run Behavior\BuildLiteBehavior [ RunTime:0.000000s ]
INFO: [ app_init ] --END-- [ RunTime:0.000000s ]
ERR: 无法加载模块:Public

[ 2016-10-17T15:51:28+08:00 ] 127.0.0.1 /cz/Public/images/%E4%BD%A3%E9%87%91%E8%AF%A6%E6%83%85/u726.png
INFO: [ app_init ] --START--
INFO: Run Behavior\BuildLiteBehavior [ RunTime:0.000000s ]
INFO: [ app_init ] --END-- [ RunTime:0.000000s ]
ERR: 无法加载模块:Public

[ 2016-10-17T15:51:28+08:00 ] 127.0.0.1 /cz/Public/images/%E7%B3%BB%E7%BB%9F%E6%80%BB%E5%90%8E%E5%8F%B0%EF%BC%88%E5%85%85%E5%80%BC%E8%AE%A2%E5%8D%95%EF%BC%89/u1452.png
INFO: [ app_init ] --START--
INFO: Run Behavior\BuildLiteBehavior [ RunTime:0.000000s ]
INFO: [ app_init ] --END-- [ RunTime:0.001000s ]
ERR: 无法加载模块:Public

[ 2016-10-17T15:51:28+08:00 ] 127.0.0.1 /cz/Public/images/%E7%B3%BB%E7%BB%9F%E6%80%BB%E5%90%8E%E5%8F%B0%EF%BC%88%E5%85%85%E5%80%BC%E8%AE%A2%E5%8D%95%EF%BC%89/u1477.png
INFO: [ app_init ] --START--
INFO: Run Behavior\BuildLiteBehavior [ RunTime:0.000000s ]
INFO: [ app_init ] --END-- [ RunTime:0.001000s ]
ERR: 无法加载模块:Public

[ 2016-10-17T15:51:28+08:00 ] 127.0.0.1 /cz/Public/images/%E7%B3%BB%E7%BB%9F%E6%80%BB%E5%90%8E%E5%8F%B0%EF%BC%88%E5%85%85%E5%80%BC%E8%AE%A2%E5%8D%95%EF%BC%89/u1479.png
INFO: [ app_init ] --START--
INFO: Run Behavior\BuildLiteBehavior [ RunTime:0.000000s ]
INFO: [ app_init ] --END-- [ RunTime:0.000000s ]
ERR: 无法加载模块:Public

[ 2016-10-17T15:51:28+08:00 ] 127.0.0.1 /cz/Public/images/%E7%B3%BB%E7%BB%9F%E6%80%BB%E5%90%8E%E5%8F%B0%EF%BC%88%E5%85%85%E5%80%BC%E8%AE%A2%E5%8D%95%EF%BC%89/u1462.png
INFO: [ app_init ] --START--
INFO: Run Behavior\BuildLiteBehavior [ RunTime:0.000000s ]
INFO: [ app_init ] --END-- [ RunTime:0.000000s ]
ERR: 无法加载模块:Public

[ 2016-10-17T15:51:28+08:00 ] 127.0.0.1 /cz/Public/images/%E7%B3%BB%E7%BB%9F%E6%80%BB%E5%90%8E%E5%8F%B0%EF%BC%88%E5%85%85%E5%80%BC%E8%AE%A2%E5%8D%95%EF%BC%89/u1503.png
INFO: [ app_init ] --START--
INFO: Run Behavior\BuildLiteBehavior [ RunTime:0.000000s ]
INFO: [ app_init ] --END-- [ RunTime:0.000000s ]
ERR: 无法加载模块:Public

[ 2016-10-17T15:51:28+08:00 ] 127.0.0.1 /cz/Public/images/%E7%B3%BB%E7%BB%9F%E6%80%BB%E5%90%8E%E5%8F%B0%EF%BC%88%E5%85%85%E5%80%BC%E8%AE%A2%E5%8D%95%EF%BC%89/u1556.png
INFO: [ app_init ] --START--
INFO: Run Behavior\BuildLiteBehavior [ RunTime:0.000000s ]
INFO: [ app_init ] --END-- [ RunTime:0.000000s ]
ERR: 无法加载模块:Public

[ 2016-10-17T15:51:28+08:00 ] 127.0.0.1 /cz/Public/images/%E7%B3%BB%E7%BB%9F%E6%80%BB%E5%90%8E%E5%8F%B0%EF%BC%88%E5%85%85%E5%80%BC%E8%AE%A2%E5%8D%95%EF%BC%89/u1558.png
INFO: [ app_init ] --START--
INFO: Run Behavior\BuildLiteBehavior [ RunTime:0.000000s ]
INFO: [ app_init ] --END-- [ RunTime:0.001000s ]
ERR: 无法加载模块:Public

[ 2016-10-17T15:53:54+08:00 ] 127.0.0.1 /cz/Public/images/%E7%B3%BB%E7%BB%9F%E6%80%BB%E5%90%8E%E5%8F%B0%EF%BC%88%E5%85%85%E5%80%BC%E8%AE%A2%E5%8D%95%EF%BC%89/u1155.png
INFO: [ app_init ] --START--
INFO: Run Behavior\BuildLiteBehavior [ RunTime:0.000000s ]
INFO: [ app_init ] --END-- [ RunTime:0.000000s ]
ERR: 无法加载模块:Public

[ 2016-10-17T15:53:54+08:00 ] 127.0.0.1 /cz/Public/images/%E7%B3%BB%E7%BB%9F%E6%80%BB%E5%90%8E%E5%8F%B0%EF%BC%88%E5%85%85%E5%80%BC%E8%AE%A2%E5%8D%95%EF%BC%89/u1095.png
INFO: [ app_init ] --START--
INFO: Run Behavior\BuildLiteBehavior [ RunTime:0.000000s ]
INFO: [ app_init ] --END-- [ RunTime:0.002000s ]
ERR: 无法加载模块:Public

[ 2016-10-17T15:53:54+08:00 ] 127.0.0.1 /cz/Public/images/%E7%B3%BB%E7%BB%9F%E6%80%BB%E5%90%8E%E5%8F%B0%EF%BC%88%E5%85%85%E5%80%BC%E8%AE%A2%E5%8D%95%EF%BC%89/u1109.png
INFO: [ app_init ] --START--
INFO: Run Behavior\BuildLiteBehavior [ RunTime:0.000000s ]
INFO: [ app_init ] --END-- [ RunTime:0.000000s ]
ERR: 无法加载模块:Public

[ 2016-10-17T15:53:54+08:00 ] 127.0.0.1 /cz/Public/images/%E7%B3%BB%E7%BB%9F%E6%80%BB%E5%90%8E%E5%8F%B0%EF%BC%88%E5%85%85%E5%80%BC%E8%AE%A2%E5%8D%95%EF%BC%89/u1107.png
INFO: [ app_init ] --START--
INFO: Run Behavior\BuildLiteBehavior [ RunTime:0.001000s ]
INFO: [ app_init ] --END-- [ RunTime:0.001000s ]
ERR: 无法加载模块:Public

[ 2016-10-17T15:53:54+08:00 ] 127.0.0.1 /cz/Public/images/%E6%88%91%E7%9A%84%E8%B4%A6%E6%88%B7_1/u657.png
INFO: [ app_init ] --START--
INFO: Run Behavior\BuildLiteBehavior [ RunTime:0.000000s ]
INFO: [ app_init ] --END-- [ RunTime:0.001000s ]
ERR: 无法加载模块:Public

[ 2016-10-17T15:53:54+08:00 ] 127.0.0.1 /cz/Public/images/%E7%B3%BB%E7%BB%9F%E6%80%BB%E5%90%8E%E5%8F%B0%EF%BC%88%E5%85%85%E5%80%BC%E8%AE%A2%E5%8D%95%EF%BC%89/u1153.png
INFO: [ app_init ] --START--
INFO: Run Behavior\BuildLiteBehavior [ RunTime:0.000000s ]
INFO: [ app_init ] --END-- [ RunTime:0.008000s ]
ERR: 无法加载模块:Public

[ 2016-10-17T15:53:54+08:00 ] 127.0.0.1 /cz/Public/images/%E7%B3%BB%E7%BB%9F%E6%80%BB%E5%90%8E%E5%8F%B0%EF%BC%88%E5%85%85%E5%80%BC%E8%AE%A2%E5%8D%95%EF%BC%89/u1346.png
INFO: [ app_init ] --START--
INFO: Run Behavior\BuildLiteBehavior [ RunTime:0.000000s ]
INFO: [ app_init ] --END-- [ RunTime:0.004000s ]
ERR: 无法加载模块:Public

[ 2016-10-17T15:53:54+08:00 ] 127.0.0.1 /cz/Public/images/%E4%BD%A3%E9%87%91%E8%AF%A6%E6%83%85/u726.png
INFO: [ app_init ] --START--
INFO: Run Behavior\BuildLiteBehavior [ RunTime:0.000000s ]
INFO: [ app_init ] --END-- [ RunTime:0.001000s ]
ERR: 无法加载模块:Public

[ 2016-10-17T15:53:54+08:00 ] 127.0.0.1 /cz/Public/images/%E7%B3%BB%E7%BB%9F%E6%80%BB%E5%90%8E%E5%8F%B0%EF%BC%88%E5%85%85%E5%80%BC%E8%AE%A2%E5%8D%95%EF%BC%89/u1348.png
INFO: [ app_init ] --START--
INFO: Run Behavior\BuildLiteBehavior [ RunTime:0.000000s ]
INFO: [ app_init ] --END-- [ RunTime:0.000000s ]
ERR: 无法加载模块:Public

[ 2016-10-17T15:53:54+08:00 ] 127.0.0.1 /cz/Public/images/%E4%BD%A3%E9%87%91%E8%AF%A6%E6%83%85/u721.png
INFO: [ app_init ] --START--
INFO: Run Behavior\BuildLiteBehavior [ RunTime:0.000000s ]
INFO: [ app_init ] --END-- [ RunTime:0.001000s ]
ERR: 无法加载模块:Public

[ 2016-10-17T15:53:54+08:00 ] 127.0.0.1 /cz/Public/images/%E7%B3%BB%E7%BB%9F%E6%80%BB%E5%90%8E%E5%8F%B0%EF%BC%88%E5%85%85%E5%80%BC%E8%AE%A2%E5%8D%95%EF%BC%89/u1344.png
INFO: [ app_init ] --START--
INFO: Run Behavior\BuildLiteBehavior [ RunTime:0.000000s ]
INFO: [ app_init ] --END-- [ RunTime:0.000000s ]
ERR: 无法加载模块:Public

[ 2016-10-17T15:53:54+08:00 ] 127.0.0.1 /cz/Public/images/%E4%BB%A3%E7%90%86%E5%95%86%E5%85%85%E5%80%BCpc%E7%AB%AF%EF%BC%88%E7%99%BB%E5%BD%95%E9%A1%B5%EF%BC%89/u360.png
INFO: [ app_init ] --START--
INFO: Run Behavior\BuildLiteBehavior [ RunTime:0.000000s ]
INFO: [ app_init ] --END-- [ RunTime:0.001000s ]
ERR: 无法加载模块:Public

[ 2016-10-17T15:53:55+08:00 ] 127.0.0.1 /cz/Public/images/%E7%B3%BB%E7%BB%9F%E6%80%BB%E5%90%8E%E5%8F%B0%EF%BC%88%E5%85%85%E5%80%BC%E8%AE%A2%E5%8D%95%EF%BC%89/u1458.png
INFO: [ app_init ] --START--
INFO: Run Behavior\BuildLiteBehavior [ RunTime:0.000000s ]
INFO: [ app_init ] --END-- [ RunTime:0.000000s ]
ERR: 无法加载模块:Public

[ 2016-10-17T15:53:55+08:00 ] 127.0.0.1 /cz/Public/images/%E7%B3%BB%E7%BB%9F%E6%80%BB%E5%90%8E%E5%8F%B0%EF%BC%88%E5%85%85%E5%80%BC%E8%AE%A2%E5%8D%95%EF%BC%89/u1452.png
INFO: [ app_init ] --START--
INFO: Run Behavior\BuildLiteBehavior [ RunTime:0.000000s ]
INFO: [ app_init ] --END-- [ RunTime:0.001000s ]
ERR: 无法加载模块:Public

[ 2016-10-17T15:53:55+08:00 ] 127.0.0.1 /cz/Public/images/%E7%B3%BB%E7%BB%9F%E6%80%BB%E5%90%8E%E5%8F%B0%EF%BC%88%E5%85%85%E5%80%BC%E8%AE%A2%E5%8D%95%EF%BC%89/u1438.png
INFO: [ app_init ] --START--
INFO: Run Behavior\BuildLiteBehavior [ RunTime:0.000000s ]
INFO: [ app_init ] --END-- [ RunTime:0.004000s ]
ERR: 无法加载模块:Public

[ 2016-10-17T15:53:55+08:00 ] 127.0.0.1 /cz/Public/images/%E7%B3%BB%E7%BB%9F%E6%80%BB%E5%90%8E%E5%8F%B0%EF%BC%88%E5%85%85%E5%80%BC%E8%AE%A2%E5%8D%95%EF%BC%89/u1503.png
INFO: [ app_init ] --START--
INFO: Run Behavior\BuildLiteBehavior [ RunTime:0.000000s ]
INFO: [ app_init ] --END-- [ RunTime:0.002000s ]
ERR: 无法加载模块:Public

[ 2016-10-17T15:53:55+08:00 ] 127.0.0.1 /cz/Public/images/%E7%B3%BB%E7%BB%9F%E6%80%BB%E5%90%8E%E5%8F%B0%EF%BC%88%E5%85%85%E5%80%BC%E8%AE%A2%E5%8D%95%EF%BC%89/u1479.png
INFO: [ app_init ] --START--
INFO: Run Behavior\BuildLiteBehavior [ RunTime:0.000000s ]
INFO: [ app_init ] --END-- [ RunTime:0.009000s ]
ERR: 无法加载模块:Public

[ 2016-10-17T15:53:55+08:00 ] 127.0.0.1 /cz/Public/images/%E7%B3%BB%E7%BB%9F%E6%80%BB%E5%90%8E%E5%8F%B0%EF%BC%88%E5%85%85%E5%80%BC%E8%AE%A2%E5%8D%95%EF%BC%89/u1477.png
INFO: [ app_init ] --START--
INFO: Run Behavior\BuildLiteBehavior [ RunTime:0.000000s ]
INFO: [ app_init ] --END-- [ RunTime:0.001000s ]
ERR: 无法加载模块:Public

[ 2016-10-17T15:53:55+08:00 ] 127.0.0.1 /cz/Public/images/%E7%B3%BB%E7%BB%9F%E6%80%BB%E5%90%8E%E5%8F%B0%EF%BC%88%E5%85%85%E5%80%BC%E8%AE%A2%E5%8D%95%EF%BC%89/u1560.png
INFO: [ app_init ] --START--
INFO: Run Behavior\BuildLiteBehavior [ RunTime:0.000000s ]
INFO: [ app_init ] --END-- [ RunTime:0.000000s ]
ERR: 无法加载模块:Public

[ 2016-10-17T15:53:55+08:00 ] 127.0.0.1 /cz/Public/images/%E7%B3%BB%E7%BB%9F%E6%80%BB%E5%90%8E%E5%8F%B0%EF%BC%88%E5%85%85%E5%80%BC%E8%AE%A2%E5%8D%95%EF%BC%89/u1558.png
INFO: [ app_init ] --START--
INFO: Run Behavior\BuildLiteBehavior [ RunTime:0.000000s ]
INFO: [ app_init ] --END-- [ RunTime:0.000000s ]
ERR: 无法加载模块:Public

[ 2016-10-17T15:53:55+08:00 ] 127.0.0.1 /cz/Public/images/%E7%B3%BB%E7%BB%9F%E6%80%BB%E5%90%8E%E5%8F%B0%EF%BC%88%E5%85%85%E5%80%BC%E8%AE%A2%E5%8D%95%EF%BC%89/u1556.png
INFO: [ app_init ] --START--
INFO: Run Behavior\BuildLiteBehavior [ RunTime:0.000000s ]
INFO: [ app_init ] --END-- [ RunTime:0.001000s ]
ERR: 无法加载模块:Public

[ 2016-10-17T15:53:55+08:00 ] 127.0.0.1 /cz/Public/images/%E7%B3%BB%E7%BB%9F%E6%80%BB%E5%90%8E%E5%8F%B0%EF%BC%88%E5%85%85%E5%80%BC%E8%AE%A2%E5%8D%95%EF%BC%89/u1562.png
INFO: [ app_init ] --START--
INFO: Run Behavior\BuildLiteBehavior [ RunTime:0.000000s ]
INFO: [ app_init ] --END-- [ RunTime:0.001000s ]
ERR: 无法加载模块:Public

[ 2016-10-17T15:53:55+08:00 ] 127.0.0.1 /cz/Public/images/%E7%B3%BB%E7%BB%9F%E6%80%BB%E5%90%8E%E5%8F%B0%EF%BC%88%E5%85%85%E5%80%BC%E8%AE%A2%E5%8D%95%EF%BC%89/u1462.png
INFO: [ app_init ] --START--
INFO: Run Behavior\BuildLiteBehavior [ RunTime:0.000000s ]
INFO: [ app_init ] --END-- [ RunTime:0.000000s ]
ERR: 无法加载模块:Public

[ 2016-10-17T15:53:55+08:00 ] 127.0.0.1 /cz/Public/images/%E7%B3%BB%E7%BB%9F%E6%80%BB%E5%90%8E%E5%8F%B0%EF%BC%88%E5%85%85%E5%80%BC%E8%AE%A2%E5%8D%95%EF%BC%89/u1107.png
INFO: [ app_init ] --START--
INFO: Run Behavior\BuildLiteBehavior [ RunTime:0.000000s ]
INFO: [ app_init ] --END-- [ RunTime:0.000000s ]
ERR: 无法加载模块:Public

[ 2016-10-17T15:53:55+08:00 ] 127.0.0.1 /cz/Public/images/%E7%B3%BB%E7%BB%9F%E6%80%BB%E5%90%8E%E5%8F%B0%EF%BC%88%E5%85%85%E5%80%BC%E8%AE%A2%E5%8D%95%EF%BC%89/u1095.png
INFO: [ app_init ] --START--
INFO: Run Behavior\BuildLiteBehavior [ RunTime:0.000000s ]
INFO: [ app_init ] --END-- [ RunTime:0.001000s ]
ERR: 无法加载模块:Public

[ 2016-10-17T15:53:55+08:00 ] 127.0.0.1 /cz/Public/images/%E7%B3%BB%E7%BB%9F%E6%80%BB%E5%90%8E%E5%8F%B0%EF%BC%88%E5%85%85%E5%80%BC%E8%AE%A2%E5%8D%95%EF%BC%89/u1109.png
INFO: [ app_init ] --START--
INFO: Run Behavior\BuildLiteBehavior [ RunTime:0.000000s ]
INFO: [ app_init ] --END-- [ RunTime:0.001000s ]
ERR: 无法加载模块:Public

[ 2016-10-17T15:53:55+08:00 ] 127.0.0.1 /cz/Public/images/%E6%88%91%E7%9A%84%E8%B4%A6%E6%88%B7_1/u657.png
INFO: [ app_init ] --START--
INFO: Run Behavior\BuildLiteBehavior [ RunTime:0.000000s ]
INFO: [ app_init ] --END-- [ RunTime:0.000000s ]
ERR: 无法加载模块:Public

[ 2016-10-17T15:53:55+08:00 ] 127.0.0.1 /cz/Public/images/%E7%B3%BB%E7%BB%9F%E6%80%BB%E5%90%8E%E5%8F%B0%EF%BC%88%E5%85%85%E5%80%BC%E8%AE%A2%E5%8D%95%EF%BC%89/u1155.png
INFO: [ app_init ] --START--
INFO: Run Behavior\BuildLiteBehavior [ RunTime:0.007000s ]
INFO: [ app_init ] --END-- [ RunTime:0.007000s ]
ERR: 无法加载模块:Public

[ 2016-10-17T15:53:55+08:00 ] 127.0.0.1 /cz/Public/images/%E7%B3%BB%E7%BB%9F%E6%80%BB%E5%90%8E%E5%8F%B0%EF%BC%88%E5%85%85%E5%80%BC%E8%AE%A2%E5%8D%95%EF%BC%89/u1153.png
INFO: [ app_init ] --START--
INFO: Run Behavior\BuildLiteBehavior [ RunTime:0.000000s ]
INFO: [ app_init ] --END-- [ RunTime:0.001000s ]
ERR: 无法加载模块:Public

[ 2016-10-17T15:53:55+08:00 ] 127.0.0.1 /cz/Public/images/%E7%B3%BB%E7%BB%9F%E6%80%BB%E5%90%8E%E5%8F%B0%EF%BC%88%E5%85%85%E5%80%BC%E8%AE%A2%E5%8D%95%EF%BC%89/u1346.png
INFO: [ app_init ] --START--
INFO: Run Behavior\BuildLiteBehavior [ RunTime:0.000000s ]
INFO: [ app_init ] --END-- [ RunTime:0.000000s ]
ERR: 无法加载模块:Public

[ 2016-10-17T15:54:50+08:00 ] 127.0.0.1 /cz/Public/images/%E7%B3%BB%E7%BB%9F%E6%80%BB%E5%90%8E%E5%8F%B0%EF%BC%88%E5%85%85%E5%80%BC%E8%AE%A2%E5%8D%95%EF%BC%89/u1095.png
INFO: [ app_init ] --START--
INFO: Run Behavior\BuildLiteBehavior [ RunTime:0.000000s ]
INFO: [ app_init ] --END-- [ RunTime:0.001000s ]
ERR: 无法加载模块:Public

